{"/home/monch1962/puppeteer-cucumber-gcf/features/support/action/clickElement.js": {"path":"/home/monch1962/puppeteer-cucumber-gcf/features/support/action/clickElement.js","statementMap":{"0":{"start":{"line":7,"column":0},"end":{"line":19,"column":2}},"1":{"start":{"line":9,"column":4},"end":{"line":18,"column":5}},"2":{"start":{"line":10,"column":8},"end":{"line":13,"column":11}},"3":{"start":{"line":17,"column":8},"end":{"line":17,"column":40}}},"fnMap":{"0":{"name":"(anonymous_0)","decl":{"start":{"line":7,"column":17},"end":{"line":7,"column":18}},"loc":{"start":{"line":7,"column":59},"end":{"line":19,"column":1}},"line":7}},"branchMap":{"0":{"loc":{"start":{"line":9,"column":4},"end":{"line":18,"column":5}},"type":"if","locations":[{"start":{"line":9,"column":4},"end":{"line":18,"column":5}},{"start":{"line":9,"column":4},"end":{"line":18,"column":5}}],"line":9}},"s":{"0":3,"1":5,"2":1,"3":4},"f":{"0":5},"b":{"0":[1,4]},"_coverageSchema":"43e27e138ebf9cfc5966b082cf9a028302ed4184","hash":"b9a7b463c0924e228636e1d518f7cf28d364e55a"}
,"/home/monch1962/puppeteer-cucumber-gcf/features/support/action/deleteCookie.js": {"path":"/home/monch1962/puppeteer-cucumber-gcf/features/support/action/deleteCookie.js","statementMap":{"0":{"start":{"line":1,"column":15},"end":{"line":1,"column":39}},"1":{"start":{"line":6,"column":0},"end":{"line":17,"column":2}},"2":{"start":{"line":7,"column":22},"end":{"line":7,"column":47}},"3":{"start":{"line":9,"column":4},"end":{"line":14,"column":5}},"4":{"start":{"line":9,"column":17},"end":{"line":9,"column":18}},"5":{"start":{"line":9,"column":29},"end":{"line":9,"column":45}},"6":{"start":{"line":10,"column":23},"end":{"line":10,"column":35}},"7":{"start":{"line":11,"column":8},"end":{"line":13,"column":9}},"8":{"start":{"line":12,"column":12},"end":{"line":12,"column":29}},"9":{"start":{"line":15,"column":4},"end":{"line":15,"column":75}},"10":{"start":{"line":16,"column":4},"end":{"line":16,"column":65}}},"fnMap":{"0":{"name":"(anonymous_0)","decl":{"start":{"line":6,"column":17},"end":{"line":6,"column":18}},"loc":{"start":{"line":6,"column":39},"end":{"line":17,"column":1}},"line":6}},"branchMap":{"0":{"loc":{"start":{"line":11,"column":8},"end":{"line":13,"column":9}},"type":"if","locations":[{"start":{"line":11,"column":8},"end":{"line":13,"column":9}},{"start":{"line":11,"column":8},"end":{"line":13,"column":9}}],"line":11}},"s":{"0":1,"1":1,"2":0,"3":0,"4":0,"5":0,"6":0,"7":0,"8":0,"9":0,"10":0},"f":{"0":0},"b":{"0":[0,0]},"_coverageSchema":"43e27e138ebf9cfc5966b082cf9a028302ed4184","hash":"afc6d9e3b2f880cecb0351177fc9387cd958b282"}
,"/home/monch1962/puppeteer-cucumber-gcf/features/support/action/fileUpload.js": {"path":"/home/monch1962/puppeteer-cucumber-gcf/features/support/action/fileUpload.js","statementMap":{"0":{"start":{"line":6,"column":0},"end":{"line":9,"column":2}},"1":{"start":{"line":7,"column":18},"end":{"line":7,"column":45}},"2":{"start":{"line":8,"column":4},"end":{"line":8,"column":37}}},"fnMap":{"0":{"name":"(anonymous_0)","decl":{"start":{"line":6,"column":17},"end":{"line":6,"column":18}},"loc":{"start":{"line":6,"column":52},"end":{"line":9,"column":1}},"line":6}},"branchMap":{},"s":{"0":1,"1":2,"2":0},"f":{"0":2},"b":{},"_coverageSchema":"43e27e138ebf9cfc5966b082cf9a028302ed4184","hash":"36a92e7a131c4aca2ab1f4e343e734667559bb07"}
,"/home/monch1962/puppeteer-cucumber-gcf/features/support/action/keyboardPress.js": {"path":"/home/monch1962/puppeteer-cucumber-gcf/features/support/action/keyboardPress.js","statementMap":{"0":{"start":{"line":6,"column":0},"end":{"line":11,"column":2}},"1":{"start":{"line":7,"column":4},"end":{"line":9,"column":5}},"2":{"start":{"line":8,"column":8},"end":{"line":8,"column":40}},"3":{"start":{"line":10,"column":4},"end":{"line":10,"column":40}}},"fnMap":{"0":{"name":"(anonymous_0)","decl":{"start":{"line":6,"column":17},"end":{"line":6,"column":18}},"loc":{"start":{"line":6,"column":47},"end":{"line":11,"column":1}},"line":6}},"branchMap":{"0":{"loc":{"start":{"line":7,"column":4},"end":{"line":9,"column":5}},"type":"if","locations":[{"start":{"line":7,"column":4},"end":{"line":9,"column":5}},{"start":{"line":7,"column":4},"end":{"line":9,"column":5}}],"line":7}},"s":{"0":1,"1":0,"2":0,"3":0},"f":{"0":0},"b":{"0":[0,0]},"_coverageSchema":"43e27e138ebf9cfc5966b082cf9a028302ed4184","hash":"08fdf07f3a6cdbdbb47212e87b9fa9bd98c7237e"}
,"/home/monch1962/puppeteer-cucumber-gcf/features/support/action/openUrl.js": {"path":"/home/monch1962/puppeteer-cucumber-gcf/features/support/action/openUrl.js","statementMap":{"0":{"start":{"line":1,"column":15},"end":{"line":1,"column":39}},"1":{"start":{"line":2,"column":18},"end":{"line":2,"column":38}},"2":{"start":{"line":11,"column":0},"end":{"line":29,"column":2}},"3":{"start":{"line":12,"column":20},"end":{"line":12,"column":76}},"4":{"start":{"line":14,"column":4},"end":{"line":14,"column":45}},"5":{"start":{"line":17,"column":4},"end":{"line":19,"column":5}},"6":{"start":{"line":18,"column":8},"end":{"line":18,"column":48}},"7":{"start":{"line":22,"column":4},"end":{"line":26,"column":5}},"8":{"start":{"line":23,"column":31},"end":{"line":23,"column":56}},"9":{"start":{"line":24,"column":8},"end":{"line":24,"column":113}},"10":{"start":{"line":25,"column":8},"end":{"line":25,"column":48}},"11":{"start":{"line":28,"column":4},"end":{"line":28,"column":70}}},"fnMap":{"0":{"name":"(anonymous_0)","decl":{"start":{"line":11,"column":17},"end":{"line":11,"column":18}},"loc":{"start":{"line":11,"column":56},"end":{"line":29,"column":1}},"line":11}},"branchMap":{"0":{"loc":{"start":{"line":12,"column":20},"end":{"line":12,"column":76}},"type":"cond-expr","locations":[{"start":{"line":12,"column":45},"end":{"line":12,"column":48}},{"start":{"line":12,"column":51},"end":{"line":12,"column":76}}],"line":12},"1":{"loc":{"start":{"line":17,"column":4},"end":{"line":19,"column":5}},"type":"if","locations":[{"start":{"line":17,"column":4},"end":{"line":19,"column":5}},{"start":{"line":17,"column":4},"end":{"line":19,"column":5}}],"line":17},"2":{"loc":{"start":{"line":22,"column":4},"end":{"line":26,"column":5}},"type":"if","locations":[{"start":{"line":22,"column":4},"end":{"line":26,"column":5}},{"start":{"line":22,"column":4},"end":{"line":26,"column":5}}],"line":22}},"s":{"0":30,"1":30,"2":30,"3":12,"4":12,"5":0,"6":0,"7":0,"8":0,"9":0,"10":0,"11":0},"f":{"0":12},"b":{"0":[11,1],"1":[0,0],"2":[0,0]},"_coverageSchema":"43e27e138ebf9cfc5966b082cf9a028302ed4184","hash":"998e269191dfb410ff0c78ab3a16e7b2b32b880a"}
,"/home/monch1962/puppeteer-cucumber-gcf/features/support/action/resizeScreenSize.js": {"path":"/home/monch1962/puppeteer-cucumber-gcf/features/support/action/resizeScreenSize.js","statementMap":{"0":{"start":{"line":6,"column":0},"end":{"line":16,"column":2}},"1":{"start":{"line":8,"column":4},"end":{"line":15,"column":5}},"2":{"start":{"line":10,"column":6},"end":{"line":10,"column":51}},"3":{"start":{"line":11,"column":6},"end":{"line":11,"column":36}},"4":{"start":{"line":14,"column":6},"end":{"line":14,"column":82}}},"fnMap":{"0":{"name":"(anonymous_0)","decl":{"start":{"line":6,"column":17},"end":{"line":6,"column":18}},"loc":{"start":{"line":6,"column":47},"end":{"line":16,"column":1}},"line":6}},"branchMap":{},"s":{"0":1,"1":9,"2":9,"3":0,"4":9},"f":{"0":9},"b":{},"_coverageSchema":"43e27e138ebf9cfc5966b082cf9a028302ed4184","hash":"fafb42b2c605275627375d9c0d7c64a9fcc0a5c0"}
,"/home/monch1962/puppeteer-cucumber-gcf/features/support/action/scrollToElement.js": {"path":"/home/monch1962/puppeteer-cucumber-gcf/features/support/action/scrollToElement.js","statementMap":{"0":{"start":{"line":1,"column":15},"end":{"line":1,"column":39}},"1":{"start":{"line":7,"column":0},"end":{"line":21,"column":2}},"2":{"start":{"line":8,"column":17},"end":{"line":8,"column":21}},"3":{"start":{"line":10,"column":4},"end":{"line":18,"column":5}},"4":{"start":{"line":14,"column":8},"end":{"line":14,"column":38}},"5":{"start":{"line":17,"column":8},"end":{"line":17,"column":23}},"6":{"start":{"line":20,"column":4},"end":{"line":20,"column":107}}},"fnMap":{"0":{"name":"(anonymous_0)","decl":{"start":{"line":7,"column":17},"end":{"line":7,"column":18}},"loc":{"start":{"line":7,"column":42},"end":{"line":21,"column":1}},"line":7}},"branchMap":{},"s":{"0":1,"1":1,"2":5,"3":5,"4":0,"5":5,"6":5},"f":{"0":5},"b":{},"_coverageSchema":"43e27e138ebf9cfc5966b082cf9a028302ed4184","hash":"f2c0a892647a0a15bec5b71aeb64f59c464ea177"}
,"/home/monch1962/puppeteer-cucumber-gcf/features/support/action/setElementStyle.js": {"path":"/home/monch1962/puppeteer-cucumber-gcf/features/support/action/setElementStyle.js","statementMap":{"0":{"start":{"line":7,"column":0},"end":{"line":18,"column":2}},"1":{"start":{"line":9,"column":22},"end":{"line":9,"column":41}},"2":{"start":{"line":12,"column":4},"end":{"line":17,"column":5}},"3":{"start":{"line":12,"column":16},"end":{"line":12,"column":17}},"4":{"start":{"line":12,"column":25},"end":{"line":12,"column":41}}},"fnMap":{"0":{"name":"(anonymous_0)","decl":{"start":{"line":7,"column":17},"end":{"line":7,"column":18}},"loc":{"start":{"line":7,"column":65},"end":{"line":18,"column":1}},"line":7}},"branchMap":{},"s":{"0":1,"1":1,"2":1,"3":1,"4":1},"f":{"0":1},"b":{},"_coverageSchema":"43e27e138ebf9cfc5966b082cf9a028302ed4184","hash":"8182dec2fad79f2d5eb49438b5e107702680a2b1"}
,"/home/monch1962/puppeteer-cucumber-gcf/features/support/action/setElementValue.js": {"path":"/home/monch1962/puppeteer-cucumber-gcf/features/support/action/setElementValue.js","statementMap":{"0":{"start":{"line":1,"column":15},"end":{"line":1,"column":39}},"1":{"start":{"line":9,"column":0},"end":{"line":39,"column":2}},"2":{"start":{"line":10,"column":23},"end":{"line":10,"column":41}},"3":{"start":{"line":37,"column":23},"end":{"line":37,"column":76}},"4":{"start":{"line":38,"column":4},"end":{"line":38,"column":99}}},"fnMap":{"0":{"name":"(anonymous_0)","decl":{"start":{"line":9,"column":17},"end":{"line":9,"column":18}},"loc":{"start":{"line":9,"column":49},"end":{"line":39,"column":1}},"line":9}},"branchMap":{"0":{"loc":{"start":{"line":10,"column":23},"end":{"line":10,"column":41}},"type":"cond-expr","locations":[{"start":{"line":10,"column":31},"end":{"line":10,"column":36}},{"start":{"line":10,"column":39},"end":{"line":10,"column":41}}],"line":10}},"s":{"0":1,"1":1,"2":2,"3":2,"4":0},"f":{"0":2},"b":{"0":[2,0]},"_coverageSchema":"43e27e138ebf9cfc5966b082cf9a028302ed4184","hash":"fb15936b7baeeac3c48df612348c177dc148fe46"}
,"/home/monch1962/puppeteer-cucumber-gcf/features/support/action/setUserAgent.js": {"path":"/home/monch1962/puppeteer-cucumber-gcf/features/support/action/setUserAgent.js","statementMap":{"0":{"start":{"line":5,"column":0},"end":{"line":7,"column":2}},"1":{"start":{"line":6,"column":4},"end":{"line":6,"column":44}}},"fnMap":{"0":{"name":"(anonymous_0)","decl":{"start":{"line":5,"column":17},"end":{"line":5,"column":18}},"loc":{"start":{"line":5,"column":43},"end":{"line":7,"column":1}},"line":5}},"branchMap":{},"s":{"0":1,"1":1},"f":{"0":1},"b":{},"_coverageSchema":"43e27e138ebf9cfc5966b082cf9a028302ed4184","hash":"143b455c7d87571f0ec33b9a9d3aa619f206d419"}
,"/home/monch1962/puppeteer-cucumber-gcf/features/support/action/waitFor.js": {"path":"/home/monch1962/puppeteer-cucumber-gcf/features/support/action/waitFor.js","statementMap":{"0":{"start":{"line":5,"column":0},"end":{"line":11,"column":2}},"1":{"start":{"line":6,"column":4},"end":{"line":10,"column":5}},"2":{"start":{"line":7,"column":8},"end":{"line":7,"column":48}},"3":{"start":{"line":9,"column":8},"end":{"line":9,"column":75}}},"fnMap":{"0":{"name":"(anonymous_0)","decl":{"start":{"line":5,"column":17},"end":{"line":5,"column":18}},"loc":{"start":{"line":5,"column":41},"end":{"line":11,"column":1}},"line":5}},"branchMap":{"0":{"loc":{"start":{"line":6,"column":4},"end":{"line":10,"column":5}},"type":"if","locations":[{"start":{"line":6,"column":4},"end":{"line":10,"column":5}},{"start":{"line":6,"column":4},"end":{"line":10,"column":5}}],"line":6}},"s":{"0":1,"1":4,"2":2,"3":2},"f":{"0":4},"b":{"0":[2,2]},"_coverageSchema":"43e27e138ebf9cfc5966b082cf9a028302ed4184","hash":"f2e4a108fbb20cf018294b33562aec65f010c75b"}
,"/home/monch1962/puppeteer-cucumber-gcf/features/support/action/waitForSelector.js": {"path":"/home/monch1962/puppeteer-cucumber-gcf/features/support/action/waitForSelector.js","statementMap":{"0":{"start":{"line":6,"column":0},"end":{"line":10,"column":2}},"1":{"start":{"line":7,"column":20},"end":{"line":7,"column":42}},"2":{"start":{"line":8,"column":20},"end":{"line":8,"column":45}},"3":{"start":{"line":9,"column":4},"end":{"line":9,"column":55}}},"fnMap":{"0":{"name":"(anonymous_0)","decl":{"start":{"line":6,"column":17},"end":{"line":6,"column":18}},"loc":{"start":{"line":6,"column":51},"end":{"line":10,"column":1}},"line":6}},"branchMap":{"0":{"loc":{"start":{"line":7,"column":20},"end":{"line":7,"column":42}},"type":"cond-expr","locations":[{"start":{"line":7,"column":30},"end":{"line":7,"column":37}},{"start":{"line":7,"column":40},"end":{"line":7,"column":42}}],"line":7}},"s":{"0":2,"1":0,"2":0,"3":0},"f":{"0":0},"b":{"0":[0,0]},"_coverageSchema":"43e27e138ebf9cfc5966b082cf9a028302ed4184","hash":"815dc7a27ca1e3d2eaf3b754addf3e3f2164342f"}
,"/home/monch1962/puppeteer-cucumber-gcf/features/support/check/checkAccessibility.js": {"path":"/home/monch1962/puppeteer-cucumber-gcf/features/support/check/checkAccessibility.js","statementMap":{"0":{"start":{"line":1,"column":15},"end":{"line":1,"column":39}},"1":{"start":{"line":2,"column":25},"end":{"line":2,"column":49}},"2":{"start":{"line":3,"column":19},"end":{"line":3,"column":41}},"3":{"start":{"line":9,"column":0},"end":{"line":22,"column":1}},"4":{"start":{"line":10,"column":18},"end":{"line":12,"column":14}},"5":{"start":{"line":13,"column":23},"end":{"line":13,"column":52}},"6":{"start":{"line":14,"column":21},"end":{"line":14,"column":62}},"7":{"start":{"line":17,"column":2},"end":{"line":19,"column":3}},"8":{"start":{"line":18,"column":4},"end":{"line":18,"column":64}},"9":{"start":{"line":21,"column":2},"end":{"line":21,"column":122}}},"fnMap":{"0":{"name":"(anonymous_0)","decl":{"start":{"line":9,"column":17},"end":{"line":9,"column":18}},"loc":{"start":{"line":9,"column":44},"end":{"line":22,"column":1}},"line":9}},"branchMap":{"0":{"loc":{"start":{"line":17,"column":2},"end":{"line":19,"column":3}},"type":"if","locations":[{"start":{"line":17,"column":2},"end":{"line":19,"column":3}},{"start":{"line":17,"column":2},"end":{"line":19,"column":3}}],"line":17}},"s":{"0":1,"1":1,"2":1,"3":1,"4":0,"5":0,"6":0,"7":0,"8":0,"9":0},"f":{"0":0},"b":{"0":[0,0]},"_coverageSchema":"43e27e138ebf9cfc5966b082cf9a028302ed4184","hash":"67255338c001b460198d51f3928449cbc3d18419"}
,"/home/monch1962/puppeteer-cucumber-gcf/features/support/check/checkAttribute.js": {"path":"/home/monch1962/puppeteer-cucumber-gcf/features/support/check/checkAttribute.js","statementMap":{"0":{"start":{"line":1,"column":15},"end":{"line":1,"column":39}},"1":{"start":{"line":10,"column":0},"end":{"line":18,"column":1}},"2":{"start":{"line":13,"column":30},"end":{"line":13,"column":48}},"3":{"start":{"line":14,"column":22},"end":{"line":14,"column":65}},"4":{"start":{"line":16,"column":2},"end":{"line":16,"column":70}},"5":{"start":{"line":17,"column":2},"end":{"line":17,"column":227}}},"fnMap":{"0":{"name":"(anonymous_0)","decl":{"start":{"line":10,"column":17},"end":{"line":10,"column":18}},"loc":{"start":{"line":10,"column":73},"end":{"line":18,"column":1}},"line":10}},"branchMap":{"0":{"loc":{"start":{"line":13,"column":30},"end":{"line":13,"column":48}},"type":"cond-expr","locations":[{"start":{"line":13,"column":36},"end":{"line":13,"column":41}},{"start":{"line":13,"column":44},"end":{"line":13,"column":48}}],"line":13},"1":{"loc":{"start":{"line":14,"column":22},"end":{"line":14,"column":65}},"type":"cond-expr","locations":[{"start":{"line":14,"column":44},"end":{"line":14,"column":51}},{"start":{"line":14,"column":54},"end":{"line":14,"column":65}}],"line":14},"2":{"loc":{"start":{"line":17,"column":111},"end":{"line":17,"column":154}},"type":"cond-expr","locations":[{"start":{"line":17,"column":133},"end":{"line":17,"column":140}},{"start":{"line":17,"column":143},"end":{"line":17,"column":154}}],"line":17}},"s":{"0":1,"1":1,"2":0,"3":0,"4":0,"5":0},"f":{"0":5},"b":{"0":[0,0],"1":[0,0],"2":[0,0]},"_coverageSchema":"43e27e138ebf9cfc5966b082cf9a028302ed4184","hash":"a4ebb6c40567ad121af77cfc5cfe9193b4d0c74e"}
,"/home/monch1962/puppeteer-cucumber-gcf/features/support/check/checkAttributeContains.js": {"path":"/home/monch1962/puppeteer-cucumber-gcf/features/support/check/checkAttributeContains.js","statementMap":{"0":{"start":{"line":1,"column":15},"end":{"line":1,"column":39}},"1":{"start":{"line":10,"column":0},"end":{"line":17,"column":1}},"2":{"start":{"line":13,"column":33},"end":{"line":13,"column":51}},"3":{"start":{"line":15,"column":2},"end":{"line":15,"column":70}},"4":{"start":{"line":16,"column":2},"end":{"line":16,"column":245}}},"fnMap":{"0":{"name":"(anonymous_0)","decl":{"start":{"line":10,"column":17},"end":{"line":10,"column":18}},"loc":{"start":{"line":10,"column":74},"end":{"line":17,"column":1}},"line":10}},"branchMap":{"0":{"loc":{"start":{"line":13,"column":33},"end":{"line":13,"column":51}},"type":"cond-expr","locations":[{"start":{"line":13,"column":39},"end":{"line":13,"column":44}},{"start":{"line":13,"column":47},"end":{"line":13,"column":51}}],"line":13},"1":{"loc":{"start":{"line":16,"column":121},"end":{"line":16,"column":171}},"type":"cond-expr","locations":[{"start":{"line":16,"column":146},"end":{"line":16,"column":155}},{"start":{"line":16,"column":158},"end":{"line":16,"column":171}}],"line":16}},"s":{"0":2,"1":2,"2":0,"3":0,"4":0},"f":{"0":5},"b":{"0":[0,0],"1":[0,0]},"_coverageSchema":"43e27e138ebf9cfc5966b082cf9a028302ed4184","hash":"7127bc6f6309c2d01957264b089776a86195e5b7"}
,"/home/monch1962/puppeteer-cucumber-gcf/features/support/check/checkContainsText.js": {"path":"/home/monch1962/puppeteer-cucumber-gcf/features/support/check/checkContainsText.js","statementMap":{"0":{"start":{"line":1,"column":15},"end":{"line":1,"column":39}},"1":{"start":{"line":9,"column":0},"end":{"line":16,"column":1}},"2":{"start":{"line":12,"column":25},"end":{"line":12,"column":74}},"3":{"start":{"line":13,"column":30},"end":{"line":13,"column":48}},"4":{"start":{"line":15,"column":4},"end":{"line":15,"column":185}}},"fnMap":{"0":{"name":"(anonymous_0)","decl":{"start":{"line":9,"column":17},"end":{"line":9,"column":18}},"loc":{"start":{"line":9,"column":62},"end":{"line":16,"column":1}},"line":9}},"branchMap":{"0":{"loc":{"start":{"line":12,"column":25},"end":{"line":12,"column":74}},"type":"binary-expr","locations":[{"start":{"line":12,"column":25},"end":{"line":12,"column":36}},{"start":{"line":12,"column":40},"end":{"line":12,"column":74}}],"line":12},"1":{"loc":{"start":{"line":13,"column":30},"end":{"line":13,"column":48}},"type":"cond-expr","locations":[{"start":{"line":13,"column":36},"end":{"line":13,"column":41}},{"start":{"line":13,"column":44},"end":{"line":13,"column":48}}],"line":13},"2":{"loc":{"start":{"line":15,"column":85},"end":{"line":15,"column":130}},"type":"cond-expr","locations":[{"start":{"line":15,"column":105},"end":{"line":15,"column":114}},{"start":{"line":15,"column":117},"end":{"line":15,"column":130}}],"line":15}},"s":{"0":8,"1":8,"2":0,"3":0,"4":0},"f":{"0":8},"b":{"0":[0,0],"1":[0,0],"2":[0,0]},"_coverageSchema":"43e27e138ebf9cfc5966b082cf9a028302ed4184","hash":"f1d6682b91c1cab70b738e5a011845d11e522541"}
,"/home/monch1962/puppeteer-cucumber-gcf/features/support/check/checkCookieExists.js": {"path":"/home/monch1962/puppeteer-cucumber-gcf/features/support/check/checkCookieExists.js","statementMap":{"0":{"start":{"line":1,"column":15},"end":{"line":1,"column":39}},"1":{"start":{"line":8,"column":0},"end":{"line":23,"column":2}},"2":{"start":{"line":11,"column":22},"end":{"line":11,"column":47}},"3":{"start":{"line":12,"column":28},"end":{"line":12,"column":46}},"4":{"start":{"line":14,"column":2},"end":{"line":20,"column":3}},"5":{"start":{"line":14,"column":19},"end":{"line":14,"column":20}},"6":{"start":{"line":14,"column":31},"end":{"line":14,"column":49}},"7":{"start":{"line":15,"column":20},"end":{"line":15,"column":38}},"8":{"start":{"line":16,"column":4},"end":{"line":16,"column":45}},"9":{"start":{"line":17,"column":4},"end":{"line":19,"column":5}},"10":{"start":{"line":18,"column":6},"end":{"line":18,"column":12}},"11":{"start":{"line":22,"column":2},"end":{"line":22,"column":131}}},"fnMap":{"0":{"name":"(anonymous_0)","decl":{"start":{"line":8,"column":17},"end":{"line":8,"column":18}},"loc":{"start":{"line":8,"column":44},"end":{"line":23,"column":1}},"line":8}},"branchMap":{"0":{"loc":{"start":{"line":12,"column":28},"end":{"line":12,"column":46}},"type":"cond-expr","locations":[{"start":{"line":12,"column":34},"end":{"line":12,"column":39}},{"start":{"line":12,"column":42},"end":{"line":12,"column":46}}],"line":12},"1":{"loc":{"start":{"line":17,"column":4},"end":{"line":19,"column":5}},"type":"if","locations":[{"start":{"line":17,"column":4},"end":{"line":19,"column":5}},{"start":{"line":17,"column":4},"end":{"line":19,"column":5}}],"line":17},"2":{"loc":{"start":{"line":22,"column":84},"end":{"line":22,"column":127}},"type":"cond-expr","locations":[{"start":{"line":22,"column":104},"end":{"line":22,"column":112}},{"start":{"line":22,"column":115},"end":{"line":22,"column":127}}],"line":22}},"s":{"0":2,"1":2,"2":6,"3":0,"4":0,"5":0,"6":0,"7":0,"8":0,"9":0,"10":0,"11":0},"f":{"0":6},"b":{"0":[0,0],"1":[0,0],"2":[0,0]},"_coverageSchema":"43e27e138ebf9cfc5966b082cf9a028302ed4184","hash":"e290174dc0846e047c3ee66ebf7c85a81dd989f8"}
,"/home/monch1962/puppeteer-cucumber-gcf/features/support/check/checkCookieValue.js": {"path":"/home/monch1962/puppeteer-cucumber-gcf/features/support/check/checkCookieValue.js","statementMap":{"0":{"start":{"line":1,"column":15},"end":{"line":1,"column":39}},"1":{"start":{"line":10,"column":0},"end":{"line":29,"column":2}},"2":{"start":{"line":14,"column":22},"end":{"line":14,"column":47}},"3":{"start":{"line":15,"column":24},"end":{"line":15,"column":58}},"4":{"start":{"line":16,"column":29},"end":{"line":16,"column":47}},"5":{"start":{"line":18,"column":2},"end":{"line":25,"column":3}},"6":{"start":{"line":18,"column":19},"end":{"line":18,"column":20}},"7":{"start":{"line":18,"column":31},"end":{"line":18,"column":49}},"8":{"start":{"line":19,"column":20},"end":{"line":19,"column":38}},"9":{"start":{"line":20,"column":4},"end":{"line":20,"column":45}},"10":{"start":{"line":21,"column":4},"end":{"line":24,"column":5}},"11":{"start":{"line":22,"column":6},"end":{"line":22,"column":35}},"12":{"start":{"line":23,"column":6},"end":{"line":23,"column":12}},"13":{"start":{"line":27,"column":2},"end":{"line":27,"column":80}},"14":{"start":{"line":28,"column":2},"end":{"line":28,"column":173}}},"fnMap":{"0":{"name":"(anonymous_0)","decl":{"start":{"line":10,"column":17},"end":{"line":10,"column":18}},"loc":{"start":{"line":10,"column":52},"end":{"line":29,"column":1}},"line":10}},"branchMap":{"0":{"loc":{"start":{"line":15,"column":24},"end":{"line":15,"column":58}},"type":"cond-expr","locations":[{"start":{"line":15,"column":47},"end":{"line":15,"column":49}},{"start":{"line":15,"column":52},"end":{"line":15,"column":58}}],"line":15},"1":{"loc":{"start":{"line":16,"column":29},"end":{"line":16,"column":47}},"type":"cond-expr","locations":[{"start":{"line":16,"column":35},"end":{"line":16,"column":40}},{"start":{"line":16,"column":43},"end":{"line":16,"column":47}}],"line":16},"2":{"loc":{"start":{"line":21,"column":4},"end":{"line":24,"column":5}},"type":"if","locations":[{"start":{"line":21,"column":4},"end":{"line":24,"column":5}},{"start":{"line":21,"column":4},"end":{"line":24,"column":5}}],"line":21},"3":{"loc":{"start":{"line":28,"column":99},"end":{"line":28,"column":139}},"type":"cond-expr","locations":[{"start":{"line":28,"column":120},"end":{"line":28,"column":126}},{"start":{"line":28,"column":129},"end":{"line":28,"column":139}}],"line":28}},"s":{"0":2,"1":2,"2":5,"3":0,"4":0,"5":0,"6":0,"7":0,"8":0,"9":0,"10":0,"11":0,"12":0,"13":0,"14":0},"f":{"0":5},"b":{"0":[0,0],"1":[0,0],"2":[0,0],"3":[0,0]},"_coverageSchema":"43e27e138ebf9cfc5966b082cf9a028302ed4184","hash":"0f6147cc8a6a80fe6deb718fb0df17153f8608eb"}
,"/home/monch1962/puppeteer-cucumber-gcf/features/support/check/checkElementEnabled.js": {"path":"/home/monch1962/puppeteer-cucumber-gcf/features/support/check/checkElementEnabled.js","statementMap":{"0":{"start":{"line":1,"column":15},"end":{"line":1,"column":39}},"1":{"start":{"line":8,"column":0},"end":{"line":15,"column":1}},"2":{"start":{"line":11,"column":36},"end":{"line":11,"column":54}},"3":{"start":{"line":13,"column":4},"end":{"line":13,"column":105}},"4":{"start":{"line":14,"column":4},"end":{"line":14,"column":151}}},"fnMap":{"0":{"name":"(anonymous_0)","decl":{"start":{"line":8,"column":17},"end":{"line":8,"column":18}},"loc":{"start":{"line":8,"column":48},"end":{"line":15,"column":1}},"line":8}},"branchMap":{"0":{"loc":{"start":{"line":11,"column":36},"end":{"line":11,"column":54}},"type":"cond-expr","locations":[{"start":{"line":11,"column":42},"end":{"line":11,"column":46}},{"start":{"line":11,"column":49},"end":{"line":11,"column":54}}],"line":11},"1":{"loc":{"start":{"line":14,"column":99},"end":{"line":14,"column":147}},"type":"cond-expr","locations":[{"start":{"line":14,"column":125},"end":{"line":14,"column":135}},{"start":{"line":14,"column":138},"end":{"line":14,"column":147}}],"line":14}},"s":{"0":1,"1":1,"2":0,"3":0,"4":0},"f":{"0":6},"b":{"0":[0,0],"1":[0,0]},"_coverageSchema":"43e27e138ebf9cfc5966b082cf9a028302ed4184","hash":"e8d1d934124e629d340d75e934048da2c6179a4b"}
,"/home/monch1962/puppeteer-cucumber-gcf/features/support/check/checkElementExists.js": {"path":"/home/monch1962/puppeteer-cucumber-gcf/features/support/check/checkElementExists.js","statementMap":{"0":{"start":{"line":1,"column":15},"end":{"line":1,"column":39}},"1":{"start":{"line":8,"column":0},"end":{"line":13,"column":1}},"2":{"start":{"line":9,"column":15},"end":{"line":9,"column":42}},"3":{"start":{"line":10,"column":29},"end":{"line":10,"column":47}},"4":{"start":{"line":12,"column":2},"end":{"line":12,"column":131}}},"fnMap":{"0":{"name":"(anonymous_0)","decl":{"start":{"line":8,"column":17},"end":{"line":8,"column":18}},"loc":{"start":{"line":8,"column":47},"end":{"line":13,"column":1}},"line":8}},"branchMap":{"0":{"loc":{"start":{"line":10,"column":29},"end":{"line":10,"column":47}},"type":"cond-expr","locations":[{"start":{"line":10,"column":35},"end":{"line":10,"column":40}},{"start":{"line":10,"column":43},"end":{"line":10,"column":47}}],"line":10},"1":{"loc":{"start":{"line":12,"column":85},"end":{"line":12,"column":127}},"type":"cond-expr","locations":[{"start":{"line":12,"column":106},"end":{"line":12,"column":113}},{"start":{"line":12,"column":116},"end":{"line":12,"column":127}}],"line":12}},"s":{"0":2,"1":2,"2":4,"3":0,"4":0},"f":{"0":4},"b":{"0":[0,0],"1":[0,0]},"_coverageSchema":"43e27e138ebf9cfc5966b082cf9a028302ed4184","hash":"7d9f22d8d605e5c4820765f9dff28b81ab7bac2e"}
,"/home/monch1962/puppeteer-cucumber-gcf/features/support/check/checkElementValue.js": {"path":"/home/monch1962/puppeteer-cucumber-gcf/features/support/check/checkElementValue.js","statementMap":{"0":{"start":{"line":1,"column":15},"end":{"line":1,"column":39}},"1":{"start":{"line":9,"column":0},"end":{"line":17,"column":2}},"2":{"start":{"line":12,"column":26},"end":{"line":12,"column":58}},"3":{"start":{"line":13,"column":31},"end":{"line":13,"column":49}},"4":{"start":{"line":15,"column":4},"end":{"line":15,"column":81}},"5":{"start":{"line":16,"column":4},"end":{"line":16,"column":177}}},"fnMap":{"0":{"name":"(anonymous_0)","decl":{"start":{"line":9,"column":17},"end":{"line":9,"column":18}},"loc":{"start":{"line":9,"column":54},"end":{"line":17,"column":1}},"line":9}},"branchMap":{"0":{"loc":{"start":{"line":12,"column":26},"end":{"line":12,"column":58}},"type":"cond-expr","locations":[{"start":{"line":12,"column":48},"end":{"line":12,"column":50}},{"start":{"line":12,"column":53},"end":{"line":12,"column":58}}],"line":12},"1":{"loc":{"start":{"line":13,"column":31},"end":{"line":13,"column":49}},"type":"cond-expr","locations":[{"start":{"line":13,"column":37},"end":{"line":13,"column":42}},{"start":{"line":13,"column":45},"end":{"line":13,"column":49}}],"line":13},"2":{"loc":{"start":{"line":16,"column":104},"end":{"line":16,"column":144}},"type":"cond-expr","locations":[{"start":{"line":16,"column":125},"end":{"line":16,"column":131}},{"start":{"line":16,"column":134},"end":{"line":16,"column":144}}],"line":16}},"s":{"0":2,"1":2,"2":0,"3":0,"4":0,"5":0},"f":{"0":12},"b":{"0":[0,0],"1":[0,0],"2":[0,0]},"_coverageSchema":"43e27e138ebf9cfc5966b082cf9a028302ed4184","hash":"abf50d7ac97914b1ad4f5665dc3c83f4f83800bc"}
,"/home/monch1962/puppeteer-cucumber-gcf/features/support/check/checkElementVisible.js": {"path":"/home/monch1962/puppeteer-cucumber-gcf/features/support/check/checkElementVisible.js","statementMap":{"0":{"start":{"line":1,"column":15},"end":{"line":1,"column":32}},"1":{"start":{"line":9,"column":0},"end":{"line":22,"column":2}},"2":{"start":{"line":10,"column":16},"end":{"line":10,"column":20}},"3":{"start":{"line":11,"column":27},"end":{"line":11,"column":53}},"4":{"start":{"line":12,"column":20},"end":{"line":12,"column":70}},"5":{"start":{"line":13,"column":4},"end":{"line":13,"column":35}},"6":{"start":{"line":15,"column":4},"end":{"line":19,"column":5}},"7":{"start":{"line":16,"column":8},"end":{"line":16,"column":59}},"8":{"start":{"line":18,"column":8},"end":{"line":18,"column":18}},"9":{"start":{"line":21,"column":4},"end":{"line":21,"column":77}}},"fnMap":{"0":{"name":"(anonymous_0)","decl":{"start":{"line":9,"column":17},"end":{"line":9,"column":18}},"loc":{"start":{"line":9,"column":56},"end":{"line":22,"column":1}},"line":9}},"branchMap":{"0":{"loc":{"start":{"line":11,"column":27},"end":{"line":11,"column":53}},"type":"cond-expr","locations":[{"start":{"line":11,"column":33},"end":{"line":11,"column":41}},{"start":{"line":11,"column":44},"end":{"line":11,"column":53}}],"line":11},"1":{"loc":{"start":{"line":12,"column":30},"end":{"line":12,"column":69}},"type":"cond-expr","locations":[{"start":{"line":12,"column":40},"end":{"line":12,"column":62}},{"start":{"line":12,"column":65},"end":{"line":12,"column":69}}],"line":12}},"s":{"0":4,"1":4,"2":6,"3":6,"4":6,"5":6,"6":6,"7":6,"8":6,"9":6},"f":{"0":6},"b":{"0":[3,3],"1":[0,6]},"_coverageSchema":"43e27e138ebf9cfc5966b082cf9a028302ed4184","hash":"6d4c97a6bc627e7d30a55551f7142ce392afa8b0"}
,"/home/monch1962/puppeteer-cucumber-gcf/features/support/check/checkHasFocus.js": {"path":"/home/monch1962/puppeteer-cucumber-gcf/features/support/check/checkHasFocus.js","statementMap":{"0":{"start":{"line":1,"column":15},"end":{"line":1,"column":39}},"1":{"start":{"line":8,"column":0},"end":{"line":15,"column":1}},"2":{"start":{"line":12,"column":24},"end":{"line":12,"column":42}},"3":{"start":{"line":14,"column":2},"end":{"line":14,"column":125}}},"fnMap":{"0":{"name":"(anonymous_0)","decl":{"start":{"line":8,"column":17},"end":{"line":8,"column":18}},"loc":{"start":{"line":8,"column":47},"end":{"line":15,"column":1}},"line":8}},"branchMap":{"0":{"loc":{"start":{"line":12,"column":24},"end":{"line":12,"column":42}},"type":"cond-expr","locations":[{"start":{"line":12,"column":30},"end":{"line":12,"column":35}},{"start":{"line":12,"column":38},"end":{"line":12,"column":42}}],"line":12},"1":{"loc":{"start":{"line":14,"column":75},"end":{"line":14,"column":121}},"type":"cond-expr","locations":[{"start":{"line":14,"column":91},"end":{"line":14,"column":103}},{"start":{"line":14,"column":106},"end":{"line":14,"column":121}}],"line":14}},"s":{"0":2,"1":2,"2":0,"3":0},"f":{"0":6},"b":{"0":[0,0],"1":[0,0]},"_coverageSchema":"43e27e138ebf9cfc5966b082cf9a028302ed4184","hash":"499ade7cce4d00d0245cf439bad8f652381fae61"}
,"/home/monch1962/puppeteer-cucumber-gcf/features/support/check/checkIsChecked.js": {"path":"/home/monch1962/puppeteer-cucumber-gcf/features/support/check/checkIsChecked.js","statementMap":{"0":{"start":{"line":1,"column":15},"end":{"line":1,"column":39}},"1":{"start":{"line":8,"column":0},"end":{"line":16,"column":2}},"2":{"start":{"line":12,"column":28},"end":{"line":12,"column":46}},"3":{"start":{"line":14,"column":4},"end":{"line":14,"column":104}},"4":{"start":{"line":15,"column":4},"end":{"line":15,"column":131}}},"fnMap":{"0":{"name":"(anonymous_0)","decl":{"start":{"line":8,"column":17},"end":{"line":8,"column":18}},"loc":{"start":{"line":8,"column":47},"end":{"line":16,"column":1}},"line":8}},"branchMap":{"0":{"loc":{"start":{"line":12,"column":28},"end":{"line":12,"column":46}},"type":"cond-expr","locations":[{"start":{"line":12,"column":34},"end":{"line":12,"column":39}},{"start":{"line":12,"column":42},"end":{"line":12,"column":46}}],"line":12},"1":{"loc":{"start":{"line":15,"column":80},"end":{"line":15,"column":127}},"type":"cond-expr","locations":[{"start":{"line":15,"column":98},"end":{"line":15,"column":110}},{"start":{"line":15,"column":113},"end":{"line":15,"column":127}}],"line":15}},"s":{"0":1,"1":1,"2":0,"3":0,"4":0},"f":{"0":6},"b":{"0":[0,0],"1":[0,0]},"_coverageSchema":"43e27e138ebf9cfc5966b082cf9a028302ed4184","hash":"8c486775c1d324f787af1f954164cb02d7d16657"}
,"/home/monch1962/puppeteer-cucumber-gcf/features/support/check/checkIsEmpty.js": {"path":"/home/monch1962/puppeteer-cucumber-gcf/features/support/check/checkIsEmpty.js","statementMap":{"0":{"start":{"line":1,"column":15},"end":{"line":1,"column":39}},"1":{"start":{"line":8,"column":0},"end":{"line":14,"column":1}},"2":{"start":{"line":11,"column":24},"end":{"line":11,"column":42}},"3":{"start":{"line":13,"column":2},"end":{"line":13,"column":130}}},"fnMap":{"0":{"name":"(anonymous_0)","decl":{"start":{"line":8,"column":17},"end":{"line":8,"column":18}},"loc":{"start":{"line":8,"column":47},"end":{"line":14,"column":1}},"line":8}},"branchMap":{"0":{"loc":{"start":{"line":11,"column":24},"end":{"line":11,"column":42}},"type":"cond-expr","locations":[{"start":{"line":11,"column":30},"end":{"line":11,"column":35}},{"start":{"line":11,"column":38},"end":{"line":11,"column":42}}],"line":11},"1":{"loc":{"start":{"line":13,"column":83},"end":{"line":13,"column":126}},"type":"cond-expr","locations":[{"start":{"line":13,"column":99},"end":{"line":13,"column":109}},{"start":{"line":13,"column":112},"end":{"line":13,"column":126}}],"line":13}},"s":{"0":1,"1":1,"2":0,"3":0},"f":{"0":5},"b":{"0":[0,0],"1":[0,0]},"_coverageSchema":"43e27e138ebf9cfc5966b082cf9a028302ed4184","hash":"cac99fd5ce12c3726f32e03cb9412486c704210e"}
,"/home/monch1962/puppeteer-cucumber-gcf/features/support/check/checkScreenshot.js": {"path":"/home/monch1962/puppeteer-cucumber-gcf/features/support/check/checkScreenshot.js","statementMap":{"0":{"start":{"line":1,"column":15},"end":{"line":1,"column":39}},"1":{"start":{"line":2,"column":11},"end":{"line":2,"column":24}},"2":{"start":{"line":3,"column":12},"end":{"line":3,"column":32}},"3":{"start":{"line":4,"column":19},"end":{"line":4,"column":40}},"4":{"start":{"line":5,"column":22},"end":{"line":5,"column":37}},"5":{"start":{"line":6,"column":23},"end":{"line":6,"column":52}},"6":{"start":{"line":9,"column":17},"end":{"line":9,"column":39}},"7":{"start":{"line":18,"column":0},"end":{"line":51,"column":1}},"8":{"start":{"line":19,"column":25},"end":{"line":19,"column":71}},"9":{"start":{"line":20,"column":22},"end":{"line":20,"column":82}},"10":{"start":{"line":21,"column":22},"end":{"line":21,"column":81}},"11":{"start":{"line":22,"column":19},"end":{"line":22,"column":75}},"12":{"start":{"line":23,"column":18},"end":{"line":23,"column":73}},"13":{"start":{"line":25,"column":2},"end":{"line":25,"column":67}},"14":{"start":{"line":28,"column":2},"end":{"line":50,"column":3}},"15":{"start":{"line":29,"column":4},"end":{"line":29,"column":41}},"16":{"start":{"line":30,"column":4},"end":{"line":30,"column":62}},"17":{"start":{"line":34,"column":23},"end":{"line":34,"column":52}},"18":{"start":{"line":35,"column":19},"end":{"line":35,"column":44}},"19":{"start":{"line":37,"column":4},"end":{"line":37,"column":95}},"20":{"start":{"line":38,"column":4},"end":{"line":38,"column":98}},"21":{"start":{"line":41,"column":20},"end":{"line":41,"column":87}},"22":{"start":{"line":42,"column":23},"end":{"line":42,"column":138}},"23":{"start":{"line":45,"column":4},"end":{"line":47,"column":5}},"24":{"start":{"line":46,"column":6},"end":{"line":46,"column":64}},"25":{"start":{"line":49,"column":4},"end":{"line":49,"column":72}},"26":{"start":{"line":58,"column":2},"end":{"line":63,"column":5}},"27":{"start":{"line":59,"column":16},"end":{"line":62,"column":39}},"28":{"start":{"line":62,"column":26},"end":{"line":62,"column":38}}},"fnMap":{"0":{"name":"(anonymous_0)","decl":{"start":{"line":18,"column":17},"end":{"line":18,"column":18}},"loc":{"start":{"line":18,"column":53},"end":{"line":51,"column":1}},"line":18},"1":{"name":"parseImage","decl":{"start":{"line":57,"column":15},"end":{"line":57,"column":25}},"loc":{"start":{"line":57,"column":35},"end":{"line":64,"column":1}},"line":57},"2":{"name":"(anonymous_2)","decl":{"start":{"line":58,"column":21},"end":{"line":58,"column":22}},"loc":{"start":{"line":58,"column":32},"end":{"line":63,"column":3}},"line":58},"3":{"name":"(anonymous_3)","decl":{"start":{"line":62,"column":20},"end":{"line":62,"column":21}},"loc":{"start":{"line":62,"column":26},"end":{"line":62,"column":38}},"line":62}},"branchMap":{"0":{"loc":{"start":{"line":19,"column":25},"end":{"line":19,"column":71}},"type":"cond-expr","locations":[{"start":{"line":19,"column":35},"end":{"line":19,"column":42}},{"start":{"line":19,"column":45},"end":{"line":19,"column":71}}],"line":19},"1":{"loc":{"start":{"line":20,"column":22},"end":{"line":20,"column":82}},"type":"cond-expr","locations":[{"start":{"line":20,"column":48},"end":{"line":20,"column":77}},{"start":{"line":20,"column":80},"end":{"line":20,"column":82}}],"line":20},"2":{"loc":{"start":{"line":28,"column":2},"end":{"line":50,"column":3}},"type":"if","locations":[{"start":{"line":28,"column":2},"end":{"line":50,"column":3}},{"start":{"line":28,"column":2},"end":{"line":50,"column":3}}],"line":28},"3":{"loc":{"start":{"line":45,"column":4},"end":{"line":47,"column":5}},"type":"if","locations":[{"start":{"line":45,"column":4},"end":{"line":47,"column":5}},{"start":{"line":45,"column":4},"end":{"line":47,"column":5}}],"line":45}},"s":{"0":1,"1":1,"2":1,"3":1,"4":1,"5":1,"6":1,"7":1,"8":5,"9":5,"10":5,"11":5,"12":5,"13":5,"14":0,"15":0,"16":0,"17":0,"18":0,"19":0,"20":0,"21":0,"22":0,"23":0,"24":0,"25":0,"26":0,"27":0,"28":0},"f":{"0":5,"1":0,"2":0,"3":0},"b":{"0":[1,4],"1":[0,5],"2":[0,0],"3":[0,0]},"_coverageSchema":"43e27e138ebf9cfc5966b082cf9a028302ed4184","hash":"6d3d1f303652f5f68d4845c3bfb38090cef88228"}
,"/home/monch1962/puppeteer-cucumber-gcf/features/support/check/checkTitle.js": {"path":"/home/monch1962/puppeteer-cucumber-gcf/features/support/check/checkTitle.js","statementMap":{"0":{"start":{"line":1,"column":15},"end":{"line":1,"column":32}},"1":{"start":{"line":7,"column":0},"end":{"line":10,"column":1}},"2":{"start":{"line":8,"column":20},"end":{"line":8,"column":43}},"3":{"start":{"line":9,"column":2},"end":{"line":9,"column":77}}},"fnMap":{"0":{"name":"(anonymous_0)","decl":{"start":{"line":7,"column":17},"end":{"line":7,"column":18}},"loc":{"start":{"line":7,"column":39},"end":{"line":10,"column":1}},"line":7}},"branchMap":{},"s":{"0":1,"1":1,"2":2,"3":0},"f":{"0":2},"b":{},"_coverageSchema":"43e27e138ebf9cfc5966b082cf9a028302ed4184","hash":"e7031d6783f5713b52c91367dc756803a598f5cf"}
,"/home/monch1962/puppeteer-cucumber-gcf/features/support/check/checkTitleContains.js": {"path":"/home/monch1962/puppeteer-cucumber-gcf/features/support/check/checkTitleContains.js","statementMap":{"0":{"start":{"line":1,"column":15},"end":{"line":1,"column":39}},"1":{"start":{"line":8,"column":0},"end":{"line":14,"column":1}},"2":{"start":{"line":9,"column":23},"end":{"line":9,"column":46}},"3":{"start":{"line":10,"column":26},"end":{"line":10,"column":83}},"4":{"start":{"line":11,"column":39},"end":{"line":11,"column":57}},"5":{"start":{"line":13,"column":4},"end":{"line":13,"column":170}}},"fnMap":{"0":{"name":"(anonymous_0)","decl":{"start":{"line":8,"column":17},"end":{"line":8,"column":18}},"loc":{"start":{"line":8,"column":49},"end":{"line":14,"column":1}},"line":8}},"branchMap":{"0":{"loc":{"start":{"line":10,"column":26},"end":{"line":10,"column":83}},"type":"binary-expr","locations":[{"start":{"line":10,"column":26},"end":{"line":10,"column":36}},{"start":{"line":10,"column":40},"end":{"line":10,"column":49}},{"start":{"line":10,"column":53},"end":{"line":10,"column":83}}],"line":10},"1":{"loc":{"start":{"line":11,"column":39},"end":{"line":11,"column":57}},"type":"cond-expr","locations":[{"start":{"line":11,"column":45},"end":{"line":11,"column":50}},{"start":{"line":11,"column":53},"end":{"line":11,"column":57}}],"line":11},"2":{"loc":{"start":{"line":13,"column":97},"end":{"line":13,"column":151}},"type":"cond-expr","locations":[{"start":{"line":13,"column":126},"end":{"line":13,"column":135}},{"start":{"line":13,"column":138},"end":{"line":13,"column":151}}],"line":13}},"s":{"0":1,"1":1,"2":6,"3":0,"4":0,"5":0},"f":{"0":6},"b":{"0":[0,0,0],"1":[0,0],"2":[0,0]},"_coverageSchema":"43e27e138ebf9cfc5966b082cf9a028302ed4184","hash":"4959d9a3d0f871d1a9a4e8b652f145fb293e76b9"}
,"/home/monch1962/puppeteer-cucumber-gcf/features/support/check/checkUrl.js": {"path":"/home/monch1962/puppeteer-cucumber-gcf/features/support/check/checkUrl.js","statementMap":{"0":{"start":{"line":1,"column":15},"end":{"line":1,"column":39}},"1":{"start":{"line":8,"column":0},"end":{"line":14,"column":1}},"2":{"start":{"line":9,"column":14},"end":{"line":9,"column":35}},"3":{"start":{"line":10,"column":25},"end":{"line":10,"column":43}},"4":{"start":{"line":12,"column":2},"end":{"line":12,"column":50}},"5":{"start":{"line":13,"column":2},"end":{"line":13,"column":141}}},"fnMap":{"0":{"name":"(anonymous_0)","decl":{"start":{"line":8,"column":17},"end":{"line":8,"column":18}},"loc":{"start":{"line":8,"column":50},"end":{"line":14,"column":1}},"line":8}},"branchMap":{"0":{"loc":{"start":{"line":10,"column":25},"end":{"line":10,"column":43}},"type":"cond-expr","locations":[{"start":{"line":10,"column":31},"end":{"line":10,"column":36}},{"start":{"line":10,"column":39},"end":{"line":10,"column":43}}],"line":10},"1":{"loc":{"start":{"line":13,"column":90},"end":{"line":13,"column":128}},"type":"cond-expr","locations":[{"start":{"line":13,"column":107},"end":{"line":13,"column":114}},{"start":{"line":13,"column":117},"end":{"line":13,"column":128}}],"line":13}},"s":{"0":2,"1":2,"2":4,"3":0,"4":0,"5":0},"f":{"0":4},"b":{"0":[0,0],"1":[0,0]},"_coverageSchema":"43e27e138ebf9cfc5966b082cf9a028302ed4184","hash":"31e81b68471f402fb75e1ecd7c581a70a7220925"}
,"/home/monch1962/puppeteer-cucumber-gcf/features/support/check/checkUrlContains.js": {"path":"/home/monch1962/puppeteer-cucumber-gcf/features/support/check/checkUrlContains.js","statementMap":{"0":{"start":{"line":1,"column":15},"end":{"line":1,"column":39}},"1":{"start":{"line":8,"column":0},"end":{"line":14,"column":1}},"2":{"start":{"line":9,"column":14},"end":{"line":9,"column":35}},"3":{"start":{"line":10,"column":22},"end":{"line":10,"column":69}},"4":{"start":{"line":11,"column":27},"end":{"line":11,"column":45}},"5":{"start":{"line":13,"column":2},"end":{"line":13,"column":141}}},"fnMap":{"0":{"name":"(anonymous_0)","decl":{"start":{"line":8,"column":17},"end":{"line":8,"column":18}},"loc":{"start":{"line":8,"column":50},"end":{"line":14,"column":1}},"line":8}},"branchMap":{"0":{"loc":{"start":{"line":10,"column":22},"end":{"line":10,"column":69}},"type":"binary-expr","locations":[{"start":{"line":10,"column":22},"end":{"line":10,"column":25}},{"start":{"line":10,"column":29},"end":{"line":10,"column":40}},{"start":{"line":10,"column":44},"end":{"line":10,"column":69}}],"line":10},"1":{"loc":{"start":{"line":11,"column":27},"end":{"line":11,"column":45}},"type":"cond-expr","locations":[{"start":{"line":11,"column":33},"end":{"line":11,"column":38}},{"start":{"line":11,"column":41},"end":{"line":11,"column":45}}],"line":11},"2":{"loc":{"start":{"line":13,"column":76},"end":{"line":13,"column":120}},"type":"cond-expr","locations":[{"start":{"line":13,"column":95},"end":{"line":13,"column":104}},{"start":{"line":13,"column":107},"end":{"line":13,"column":120}}],"line":13}},"s":{"0":1,"1":1,"2":6,"3":0,"4":0,"5":0},"f":{"0":6},"b":{"0":[0,0,0],"1":[0,0],"2":[0,0]},"_coverageSchema":"43e27e138ebf9cfc5966b082cf9a028302ed4184","hash":"2e55e9e0e63c57b6bcdcde77f6fbe47cab181afc"}
,"/home/monch1962/puppeteer-cucumber-gcf/features/support/scope/BrowserScope.js": {"path":"/home/monch1962/puppeteer-cucumber-gcf/features/support/scope/BrowserScope.js","statementMap":{"0":{"start":{"line":1,"column":18},"end":{"line":1,"column":38}},"1":{"start":{"line":2,"column":25},"end":{"line":2,"column":74}},"2":{"start":{"line":9,"column":8},"end":{"line":9,"column":28}},"3":{"start":{"line":10,"column":8},"end":{"line":10,"column":27}},"4":{"start":{"line":11,"column":8},"end":{"line":11,"column":25}},"5":{"start":{"line":15,"column":31},"end":{"line":18,"column":9}},"6":{"start":{"line":19,"column":8},"end":{"line":19,"column":21}},"7":{"start":{"line":21,"column":8},"end":{"line":21,"column":25}},"8":{"start":{"line":22,"column":8},"end":{"line":22,"column":25}},"9":{"start":{"line":23,"column":8},"end":{"line":23,"column":88}},"10":{"start":{"line":27,"column":8},"end":{"line":28,"column":39}},"11":{"start":{"line":28,"column":12},"end":{"line":28,"column":39}},"12":{"start":{"line":30,"column":8},"end":{"line":30,"column":28}},"13":{"start":{"line":31,"column":8},"end":{"line":31,"column":27}},"14":{"start":{"line":32,"column":8},"end":{"line":32,"column":25}},"15":{"start":{"line":36,"column":0},"end":{"line":36,"column":30}}},"fnMap":{"0":{"name":"(anonymous_0)","decl":{"start":{"line":8,"column":4},"end":{"line":8,"column":5}},"loc":{"start":{"line":8,"column":17},"end":{"line":12,"column":5}},"line":8},"1":{"name":"(anonymous_1)","decl":{"start":{"line":14,"column":4},"end":{"line":14,"column":5}},"loc":{"start":{"line":14,"column":16},"end":{"line":24,"column":5}},"line":14},"2":{"name":"(anonymous_2)","decl":{"start":{"line":26,"column":4},"end":{"line":26,"column":5}},"loc":{"start":{"line":26,"column":17},"end":{"line":33,"column":5}},"line":26}},"branchMap":{"0":{"loc":{"start":{"line":27,"column":8},"end":{"line":28,"column":39}},"type":"if","locations":[{"start":{"line":27,"column":8},"end":{"line":28,"column":39}},{"start":{"line":27,"column":8},"end":{"line":28,"column":39}}],"line":27}},"s":{"0":32,"1":32,"2":34,"3":34,"4":34,"5":33,"6":33,"7":33,"8":33,"9":33,"10":66,"11":0,"12":66,"13":66,"14":66,"15":32},"f":{"0":34,"1":33,"2":66},"b":{"0":[0,66]},"_coverageSchema":"43e27e138ebf9cfc5966b082cf9a028302ed4184","hash":"826a2352722e0fb263a2d98200a9479e001fa006"}
,"/home/monch1962/puppeteer-cucumber-gcf/features/support/scope/FeatureScope.js": {"path":"/home/monch1962/puppeteer-cucumber-gcf/features/support/scope/FeatureScope.js","statementMap":{"0":{"start":{"line":1,"column":21},"end":{"line":1,"column":46}},"1":{"start":{"line":9,"column":8},"end":{"line":9,"column":33}},"2":{"start":{"line":10,"column":8},"end":{"line":10,"column":28}},"3":{"start":{"line":14,"column":8},"end":{"line":14,"column":47}},"4":{"start":{"line":18,"column":8},"end":{"line":18,"column":38}},"5":{"start":{"line":20,"column":8},"end":{"line":23,"column":9}},"6":{"start":{"line":21,"column":12},"end":{"line":21,"column":44}},"7":{"start":{"line":22,"column":12},"end":{"line":22,"column":37}},"8":{"start":{"line":25,"column":8},"end":{"line":25,"column":47}},"9":{"start":{"line":26,"column":8},"end":{"line":26,"column":39}},"10":{"start":{"line":30,"column":0},"end":{"line":30,"column":30}}},"fnMap":{"0":{"name":"(anonymous_0)","decl":{"start":{"line":8,"column":4},"end":{"line":8,"column":5}},"loc":{"start":{"line":8,"column":17},"end":{"line":11,"column":5}},"line":8},"1":{"name":"(anonymous_1)","decl":{"start":{"line":13,"column":4},"end":{"line":13,"column":5}},"loc":{"start":{"line":13,"column":32},"end":{"line":15,"column":5}},"line":13},"2":{"name":"(anonymous_2)","decl":{"start":{"line":17,"column":4},"end":{"line":17,"column":5}},"loc":{"start":{"line":17,"column":30},"end":{"line":27,"column":5}},"line":17}},"branchMap":{"0":{"loc":{"start":{"line":20,"column":8},"end":{"line":23,"column":9}},"type":"if","locations":[{"start":{"line":20,"column":8},"end":{"line":23,"column":9}},{"start":{"line":20,"column":8},"end":{"line":23,"column":9}}],"line":20}},"s":{"0":1,"1":2,"2":2,"3":2,"4":2,"5":2,"6":1,"7":1,"8":2,"9":2,"10":1},"f":{"0":2,"1":2,"2":2},"b":{"0":[1,1]},"_coverageSchema":"43e27e138ebf9cfc5966b082cf9a028302ed4184","hash":"24c48f4caa506e841f980e3fdea1745b26ca5ff0"}
,"/home/monch1962/puppeteer-cucumber-gcf/features/support/util/FileSystem.js": {"path":"/home/monch1962/puppeteer-cucumber-gcf/features/support/util/FileSystem.js","statementMap":{"0":{"start":{"line":1,"column":22},"end":{"line":1,"column":37}},"1":{"start":{"line":2,"column":11},"end":{"line":2,"column":24}},"2":{"start":{"line":5,"column":14},"end":{"line":5,"column":33}},"3":{"start":{"line":6,"column":15},"end":{"line":6,"column":35}},"4":{"start":{"line":7,"column":15},"end":{"line":7,"column":35}},"5":{"start":{"line":15,"column":4},"end":{"line":17,"column":5}},"6":{"start":{"line":16,"column":8},"end":{"line":16,"column":45}},"7":{"start":{"line":25,"column":4},"end":{"line":27,"column":5}},"8":{"start":{"line":26,"column":8},"end":{"line":26,"column":27}},"9":{"start":{"line":36,"column":4},"end":{"line":41,"column":5}},"10":{"start":{"line":37,"column":8},"end":{"line":37,"column":27}},"11":{"start":{"line":38,"column":8},"end":{"line":38,"column":22}},"12":{"start":{"line":40,"column":8},"end":{"line":40,"column":23}},"13":{"start":{"line":42,"column":4},"end":{"line":42,"column":18}},"14":{"start":{"line":45,"column":0},"end":{"line":49,"column":1}}},"fnMap":{"0":{"name":"createFolder","decl":{"start":{"line":14,"column":15},"end":{"line":14,"column":27}},"loc":{"start":{"line":14,"column":33},"end":{"line":18,"column":1}},"line":14},"1":{"name":"deleteFile","decl":{"start":{"line":24,"column":15},"end":{"line":24,"column":25}},"loc":{"start":{"line":24,"column":31},"end":{"line":28,"column":1}},"line":24},"2":{"name":"pathExists","decl":{"start":{"line":34,"column":15},"end":{"line":34,"column":25}},"loc":{"start":{"line":34,"column":31},"end":{"line":43,"column":1}},"line":34}},"branchMap":{"0":{"loc":{"start":{"line":15,"column":4},"end":{"line":17,"column":5}},"type":"if","locations":[{"start":{"line":15,"column":4},"end":{"line":17,"column":5}},{"start":{"line":15,"column":4},"end":{"line":17,"column":5}}],"line":15},"1":{"loc":{"start":{"line":25,"column":4},"end":{"line":27,"column":5}},"type":"if","locations":[{"start":{"line":25,"column":4},"end":{"line":27,"column":5}},{"start":{"line":25,"column":4},"end":{"line":27,"column":5}}],"line":25}},"s":{"0":2,"1":2,"2":2,"3":2,"4":2,"5":4,"6":3,"7":4,"8":1,"9":22,"10":22,"11":8,"12":12,"13":20,"14":2},"f":{"0":4,"1":4,"2":22},"b":{"0":[3,1],"1":[1,1]},"_coverageSchema":"43e27e138ebf9cfc5966b082cf9a028302ed4184","hash":"435b35abcdffc91c6f5132526511aa916c857df4"}
}
