TN:
SF:/home/monch1962/puppeteer-cucumber-gcf/features/support/action/clickElement.js
FN:7,(anonymous_0)
FNF:1
FNH:1
FNDA:5,(anonymous_0)
DA:7,3
DA:9,5
DA:10,1
DA:17,4
LF:4
LH:4
BRDA:9,0,0,1
BRDA:9,0,1,4
BRF:2
BRH:2
end_of_record
TN:
SF:/home/monch1962/puppeteer-cucumber-gcf/features/support/action/deleteCookie.js
FN:6,(anonymous_0)
FNF:1
FNH:0
FNDA:0,(anonymous_0)
DA:1,1
DA:6,1
DA:7,0
DA:9,0
DA:10,0
DA:11,0
DA:12,0
DA:15,0
DA:16,0
LF:9
LH:2
BRDA:11,0,0,0
BRDA:11,0,1,0
BRF:2
BRH:0
end_of_record
TN:
SF:/home/monch1962/puppeteer-cucumber-gcf/features/support/action/fileUpload.js
FN:6,(anonymous_0)
FNF:1
FNH:1
FNDA:2,(anonymous_0)
DA:6,1
DA:7,2
DA:8,0
LF:3
LH:2
BRF:0
BRH:0
end_of_record
TN:
SF:/home/monch1962/puppeteer-cucumber-gcf/features/support/action/keyboardPress.js
FN:6,(anonymous_0)
FNF:1
FNH:0
FNDA:0,(anonymous_0)
DA:6,1
DA:7,0
DA:8,0
DA:10,0
LF:4
LH:1
BRDA:7,0,0,0
BRDA:7,0,1,0
BRF:2
BRH:0
end_of_record
TN:
SF:/home/monch1962/puppeteer-cucumber-gcf/features/support/action/openUrl.js
FN:11,(anonymous_0)
FNF:1
FNH:1
FNDA:12,(anonymous_0)
DA:1,30
DA:2,30
DA:11,30
DA:12,12
DA:14,12
DA:17,0
DA:18,0
DA:22,0
DA:23,0
DA:24,0
DA:25,0
DA:28,0
LF:12
LH:5
BRDA:12,0,0,11
BRDA:12,0,1,1
BRDA:17,1,0,0
BRDA:17,1,1,0
BRDA:22,2,0,0
BRDA:22,2,1,0
BRF:6
BRH:2
end_of_record
TN:
SF:/home/monch1962/puppeteer-cucumber-gcf/features/support/action/resizeScreenSize.js
FN:6,(anonymous_0)
FNF:1
FNH:1
FNDA:9,(anonymous_0)
DA:6,1
DA:8,9
DA:10,9
DA:11,0
DA:14,9
LF:5
LH:4
BRF:0
BRH:0
end_of_record
TN:
SF:/home/monch1962/puppeteer-cucumber-gcf/features/support/action/scrollToElement.js
FN:7,(anonymous_0)
FNF:1
FNH:1
FNDA:5,(anonymous_0)
DA:1,1
DA:7,1
DA:8,5
DA:10,5
DA:14,0
DA:17,5
DA:20,5
LF:7
LH:6
BRF:0
BRH:0
end_of_record
TN:
SF:/home/monch1962/puppeteer-cucumber-gcf/features/support/action/setElementStyle.js
FN:7,(anonymous_0)
FNF:1
FNH:1
FNDA:1,(anonymous_0)
DA:7,1
DA:9,1
DA:12,1
LF:3
LH:3
BRF:0
BRH:0
end_of_record
TN:
SF:/home/monch1962/puppeteer-cucumber-gcf/features/support/action/setElementValue.js
FN:9,(anonymous_0)
FNF:1
FNH:1
FNDA:2,(anonymous_0)
DA:1,1
DA:9,1
DA:10,2
DA:37,2
DA:38,0
LF:5
LH:4
BRDA:10,0,0,2
BRDA:10,0,1,0
BRF:2
BRH:1
end_of_record
TN:
SF:/home/monch1962/puppeteer-cucumber-gcf/features/support/action/setUserAgent.js
FN:5,(anonymous_0)
FNF:1
FNH:1
FNDA:1,(anonymous_0)
DA:5,1
DA:6,1
LF:2
LH:2
BRF:0
BRH:0
end_of_record
TN:
SF:/home/monch1962/puppeteer-cucumber-gcf/features/support/action/waitFor.js
FN:5,(anonymous_0)
FNF:1
FNH:1
FNDA:4,(anonymous_0)
DA:5,1
DA:6,4
DA:7,2
DA:9,2
LF:4
LH:4
BRDA:6,0,0,2
BRDA:6,0,1,2
BRF:2
BRH:2
end_of_record
TN:
SF:/home/monch1962/puppeteer-cucumber-gcf/features/support/action/waitForSelector.js
FN:6,(anonymous_0)
FNF:1
FNH:0
FNDA:0,(anonymous_0)
DA:6,2
DA:7,0
DA:8,0
DA:9,0
LF:4
LH:1
BRDA:7,0,0,0
BRDA:7,0,1,0
BRF:2
BRH:0
end_of_record
TN:
SF:/home/monch1962/puppeteer-cucumber-gcf/features/support/check/checkAccessibility.js
FN:9,(anonymous_0)
FNF:1
FNH:0
FNDA:0,(anonymous_0)
DA:1,1
DA:2,1
DA:3,1
DA:9,1
DA:10,0
DA:13,0
DA:14,0
DA:17,0
DA:18,0
DA:21,0
LF:10
LH:4
BRDA:17,0,0,0
BRDA:17,0,1,0
BRF:2
BRH:0
end_of_record
TN:
SF:/home/monch1962/puppeteer-cucumber-gcf/features/support/check/checkAttribute.js
FN:10,(anonymous_0)
FNF:1
FNH:1
FNDA:5,(anonymous_0)
DA:1,1
DA:10,1
DA:13,0
DA:14,0
DA:16,0
DA:17,0
LF:6
LH:2
BRDA:13,0,0,0
BRDA:13,0,1,0
BRDA:14,1,0,0
BRDA:14,1,1,0
BRDA:17,2,0,0
BRDA:17,2,1,0
BRF:6
BRH:0
end_of_record
TN:
SF:/home/monch1962/puppeteer-cucumber-gcf/features/support/check/checkAttributeContains.js
FN:10,(anonymous_0)
FNF:1
FNH:1
FNDA:5,(anonymous_0)
DA:1,2
DA:10,2
DA:13,0
DA:15,0
DA:16,0
LF:5
LH:2
BRDA:13,0,0,0
BRDA:13,0,1,0
BRDA:16,1,0,0
BRDA:16,1,1,0
BRF:4
BRH:0
end_of_record
TN:
SF:/home/monch1962/puppeteer-cucumber-gcf/features/support/check/checkContainsText.js
FN:9,(anonymous_0)
FNF:1
FNH:1
FNDA:8,(anonymous_0)
DA:1,8
DA:9,8
DA:12,0
DA:13,0
DA:15,0
LF:5
LH:2
BRDA:12,0,0,0
BRDA:12,0,1,0
BRDA:13,1,0,0
BRDA:13,1,1,0
BRDA:15,2,0,0
BRDA:15,2,1,0
BRF:6
BRH:0
end_of_record
TN:
SF:/home/monch1962/puppeteer-cucumber-gcf/features/support/check/checkCookieExists.js
FN:8,(anonymous_0)
FNF:1
FNH:1
FNDA:6,(anonymous_0)
DA:1,2
DA:8,2
DA:11,6
DA:12,0
DA:14,0
DA:15,0
DA:16,0
DA:17,0
DA:18,0
DA:22,0
LF:10
LH:3
BRDA:12,0,0,0
BRDA:12,0,1,0
BRDA:17,1,0,0
BRDA:17,1,1,0
BRDA:22,2,0,0
BRDA:22,2,1,0
BRF:6
BRH:0
end_of_record
TN:
SF:/home/monch1962/puppeteer-cucumber-gcf/features/support/check/checkCookieValue.js
FN:10,(anonymous_0)
FNF:1
FNH:1
FNDA:5,(anonymous_0)
DA:1,2
DA:10,2
DA:14,5
DA:15,0
DA:16,0
DA:18,0
DA:19,0
DA:20,0
DA:21,0
DA:22,0
DA:23,0
DA:27,0
DA:28,0
LF:13
LH:3
BRDA:15,0,0,0
BRDA:15,0,1,0
BRDA:16,1,0,0
BRDA:16,1,1,0
BRDA:21,2,0,0
BRDA:21,2,1,0
BRDA:28,3,0,0
BRDA:28,3,1,0
BRF:8
BRH:0
end_of_record
TN:
SF:/home/monch1962/puppeteer-cucumber-gcf/features/support/check/checkElementEnabled.js
FN:8,(anonymous_0)
FNF:1
FNH:1
FNDA:6,(anonymous_0)
DA:1,1
DA:8,1
DA:11,0
DA:13,0
DA:14,0
LF:5
LH:2
BRDA:11,0,0,0
BRDA:11,0,1,0
BRDA:14,1,0,0
BRDA:14,1,1,0
BRF:4
BRH:0
end_of_record
TN:
SF:/home/monch1962/puppeteer-cucumber-gcf/features/support/check/checkElementExists.js
FN:8,(anonymous_0)
FNF:1
FNH:1
FNDA:4,(anonymous_0)
DA:1,2
DA:8,2
DA:9,4
DA:10,0
DA:12,0
LF:5
LH:3
BRDA:10,0,0,0
BRDA:10,0,1,0
BRDA:12,1,0,0
BRDA:12,1,1,0
BRF:4
BRH:0
end_of_record
TN:
SF:/home/monch1962/puppeteer-cucumber-gcf/features/support/check/checkElementValue.js
FN:9,(anonymous_0)
FNF:1
FNH:1
FNDA:12,(anonymous_0)
DA:1,2
DA:9,2
DA:12,0
DA:13,0
DA:15,0
DA:16,0
LF:6
LH:2
BRDA:12,0,0,0
BRDA:12,0,1,0
BRDA:13,1,0,0
BRDA:13,1,1,0
BRDA:16,2,0,0
BRDA:16,2,1,0
BRF:6
BRH:0
end_of_record
TN:
SF:/home/monch1962/puppeteer-cucumber-gcf/features/support/check/checkElementVisible.js
FN:9,(anonymous_0)
FNF:1
FNH:1
FNDA:6,(anonymous_0)
DA:1,4
DA:9,4
DA:10,6
DA:11,6
DA:12,6
DA:13,6
DA:15,6
DA:16,6
DA:18,6
DA:21,6
LF:10
LH:10
BRDA:11,0,0,3
BRDA:11,0,1,3
BRDA:12,1,0,0
BRDA:12,1,1,6
BRF:4
BRH:3
end_of_record
TN:
SF:/home/monch1962/puppeteer-cucumber-gcf/features/support/check/checkHasFocus.js
FN:8,(anonymous_0)
FNF:1
FNH:1
FNDA:6,(anonymous_0)
DA:1,2
DA:8,2
DA:12,0
DA:14,0
LF:4
LH:2
BRDA:12,0,0,0
BRDA:12,0,1,0
BRDA:14,1,0,0
BRDA:14,1,1,0
BRF:4
BRH:0
end_of_record
TN:
SF:/home/monch1962/puppeteer-cucumber-gcf/features/support/check/checkIsChecked.js
FN:8,(anonymous_0)
FNF:1
FNH:1
FNDA:6,(anonymous_0)
DA:1,1
DA:8,1
DA:12,0
DA:14,0
DA:15,0
LF:5
LH:2
BRDA:12,0,0,0
BRDA:12,0,1,0
BRDA:15,1,0,0
BRDA:15,1,1,0
BRF:4
BRH:0
end_of_record
TN:
SF:/home/monch1962/puppeteer-cucumber-gcf/features/support/check/checkIsEmpty.js
FN:8,(anonymous_0)
FNF:1
FNH:1
FNDA:5,(anonymous_0)
DA:1,1
DA:8,1
DA:11,0
DA:13,0
LF:4
LH:2
BRDA:11,0,0,0
BRDA:11,0,1,0
BRDA:13,1,0,0
BRDA:13,1,1,0
BRF:4
BRH:0
end_of_record
TN:
SF:/home/monch1962/puppeteer-cucumber-gcf/features/support/check/checkScreenshot.js
FN:18,(anonymous_0)
FN:57,parseImage
FN:58,(anonymous_2)
FN:62,(anonymous_3)
FNF:4
FNH:1
FNDA:5,(anonymous_0)
FNDA:0,parseImage
FNDA:0,(anonymous_2)
FNDA:0,(anonymous_3)
DA:1,1
DA:2,1
DA:3,1
DA:4,1
DA:5,1
DA:6,1
DA:9,1
DA:18,1
DA:19,5
DA:20,5
DA:21,5
DA:22,5
DA:23,5
DA:25,5
DA:28,0
DA:29,0
DA:30,0
DA:34,0
DA:35,0
DA:37,0
DA:38,0
DA:41,0
DA:42,0
DA:45,0
DA:46,0
DA:49,0
DA:58,0
DA:59,0
DA:62,0
LF:29
LH:14
BRDA:19,0,0,1
BRDA:19,0,1,4
BRDA:20,1,0,0
BRDA:20,1,1,5
BRDA:28,2,0,0
BRDA:28,2,1,0
BRDA:45,3,0,0
BRDA:45,3,1,0
BRF:8
BRH:3
end_of_record
TN:
SF:/home/monch1962/puppeteer-cucumber-gcf/features/support/check/checkTitle.js
FN:7,(anonymous_0)
FNF:1
FNH:1
FNDA:2,(anonymous_0)
DA:1,1
DA:7,1
DA:8,2
DA:9,0
LF:4
LH:3
BRF:0
BRH:0
end_of_record
TN:
SF:/home/monch1962/puppeteer-cucumber-gcf/features/support/check/checkTitleContains.js
FN:8,(anonymous_0)
FNF:1
FNH:1
FNDA:6,(anonymous_0)
DA:1,1
DA:8,1
DA:9,6
DA:10,0
DA:11,0
DA:13,0
LF:6
LH:3
BRDA:10,0,0,0
BRDA:10,0,1,0
BRDA:10,0,2,0
BRDA:11,1,0,0
BRDA:11,1,1,0
BRDA:13,2,0,0
BRDA:13,2,1,0
BRF:7
BRH:0
end_of_record
TN:
SF:/home/monch1962/puppeteer-cucumber-gcf/features/support/check/checkUrl.js
FN:8,(anonymous_0)
FNF:1
FNH:1
FNDA:4,(anonymous_0)
DA:1,2
DA:8,2
DA:9,4
DA:10,0
DA:12,0
DA:13,0
LF:6
LH:3
BRDA:10,0,0,0
BRDA:10,0,1,0
BRDA:13,1,0,0
BRDA:13,1,1,0
BRF:4
BRH:0
end_of_record
TN:
SF:/home/monch1962/puppeteer-cucumber-gcf/features/support/check/checkUrlContains.js
FN:8,(anonymous_0)
FNF:1
FNH:1
FNDA:6,(anonymous_0)
DA:1,1
DA:8,1
DA:9,6
DA:10,0
DA:11,0
DA:13,0
LF:6
LH:3
BRDA:10,0,0,0
BRDA:10,0,1,0
BRDA:10,0,2,0
BRDA:11,1,0,0
BRDA:11,1,1,0
BRDA:13,2,0,0
BRDA:13,2,1,0
BRF:7
BRH:0
end_of_record
TN:
SF:/home/monch1962/puppeteer-cucumber-gcf/features/support/scope/BrowserScope.js
FN:8,(anonymous_0)
FN:14,(anonymous_1)
FN:26,(anonymous_2)
FNF:3
FNH:3
FNDA:34,(anonymous_0)
FNDA:33,(anonymous_1)
FNDA:66,(anonymous_2)
DA:1,32
DA:2,32
DA:9,34
DA:10,34
DA:11,34
DA:15,33
DA:19,33
DA:21,33
DA:22,33
DA:23,33
DA:27,66
DA:28,0
DA:30,66
DA:31,66
DA:32,66
DA:36,32
LF:16
LH:15
BRDA:27,0,0,0
BRDA:27,0,1,66
BRF:2
BRH:1
end_of_record
TN:
SF:/home/monch1962/puppeteer-cucumber-gcf/features/support/scope/FeatureScope.js
FN:8,(anonymous_0)
FN:13,(anonymous_1)
FN:17,(anonymous_2)
FNF:3
FNH:3
FNDA:2,(anonymous_0)
FNDA:2,(anonymous_1)
FNDA:2,(anonymous_2)
DA:1,1
DA:9,2
DA:10,2
DA:14,2
DA:18,2
DA:20,2
DA:21,1
DA:22,1
DA:25,2
DA:26,2
DA:30,1
LF:11
LH:11
BRDA:20,0,0,1
BRDA:20,0,1,1
BRF:2
BRH:2
end_of_record
TN:
SF:/home/monch1962/puppeteer-cucumber-gcf/features/support/util/FileSystem.js
FN:14,createFolder
FN:24,deleteFile
FN:34,pathExists
FNF:3
FNH:3
FNDA:4,createFolder
FNDA:4,deleteFile
FNDA:22,pathExists
DA:1,2
DA:2,2
DA:5,2
DA:6,2
DA:7,2
DA:15,4
DA:16,3
DA:25,4
DA:26,1
DA:36,22
DA:37,22
DA:38,8
DA:40,12
DA:42,20
DA:45,2
LF:15
LH:15
BRDA:15,0,0,3
BRDA:15,0,1,1
BRDA:25,1,0,1
BRDA:25,1,1,1
BRF:4
BRH:4
end_of_record
